{"/Users/damondixonjr/advanced_ecom_app/adv_ecom_app/src/App.jsx": {"path":"/Users/damondixonjr/advanced_ecom_app/adv_ecom_app/src/App.jsx","statementMap":{"0":{"start":{"line":18,"column":2},"end":{"line":41,"column":4}}},"fnMap":{"0":{"name":"App","decl":{"start":{"line":17,"column":9},"end":{"line":17,"column":12}},"loc":{"start":{"line":17,"column":15},"end":{"line":42,"column":1}},"line":17}},"branchMap":{},"s":{"0":0},"f":{"0":0},"b":{}}
,"/Users/damondixonjr/advanced_ecom_app/adv_ecom_app/src/main.jsx": {"path":"/Users/damondixonjr/advanced_ecom_app/adv_ecom_app/src/main.jsx","statementMap":{"0":{"start":{"line":13,"column":20},"end":{"line":13,"column":37}},"1":{"start":{"line":15,"column":0},"end":{"line":27,"column":2}}},"fnMap":{},"branchMap":{},"s":{"0":0,"1":0},"f":{},"b":{}}
,"/Users/damondixonjr/advanced_ecom_app/adv_ecom_app/src/components/CreateProduct.jsx": {"path":"/Users/damondixonjr/advanced_ecom_app/adv_ecom_app/src/components/CreateProduct.jsx","statementMap":{"0":{"start":{"line":7,"column":22},"end":{"line":60,"column":1}},"1":{"start":{"line":8,"column":34},"end":{"line":8,"column":84}},"2":{"start":{"line":10,"column":25},"end":{"line":13,"column":5}},"3":{"start":{"line":11,"column":32},"end":{"line":11,"column":40}},"4":{"start":{"line":12,"column":8},"end":{"line":12,"column":59}},"5":{"start":{"line":12,"column":30},"end":{"line":12,"column":56}},"6":{"start":{"line":15,"column":25},"end":{"line":29,"column":5}},"7":{"start":{"line":16,"column":8},"end":{"line":16,"column":27}},"8":{"start":{"line":18,"column":8},"end":{"line":28,"column":9}},"9":{"start":{"line":19,"column":12},"end":{"line":22,"column":15}},"10":{"start":{"line":23,"column":12},"end":{"line":23,"column":51}},"11":{"start":{"line":26,"column":12},"end":{"line":26,"column":60}},"12":{"start":{"line":27,"column":12},"end":{"line":27,"column":47}},"13":{"start":{"line":32,"column":4},"end":{"line":59,"column":6}}},"fnMap":{"0":{"name":"(anonymous_0)","decl":{"start":{"line":7,"column":22},"end":{"line":7,"column":23}},"loc":{"start":{"line":7,"column":28},"end":{"line":60,"column":1}},"line":7},"1":{"name":"(anonymous_1)","decl":{"start":{"line":10,"column":25},"end":{"line":10,"column":26}},"loc":{"start":{"line":10,"column":32},"end":{"line":13,"column":5}},"line":10},"2":{"name":"(anonymous_2)","decl":{"start":{"line":12,"column":19},"end":{"line":12,"column":20}},"loc":{"start":{"line":12,"column":30},"end":{"line":12,"column":56}},"line":12},"3":{"name":"(anonymous_3)","decl":{"start":{"line":15,"column":25},"end":{"line":15,"column":26}},"loc":{"start":{"line":15,"column":38},"end":{"line":29,"column":5}},"line":15}},"branchMap":{},"s":{"0":1,"1":4,"2":4,"3":3,"4":3,"5":3,"6":4,"7":1,"8":1,"9":1,"10":0,"11":0,"12":0,"13":4},"f":{"0":4,"1":3,"2":3,"3":1},"b":{},"_coverageSchema":"1a1c01bbd47fc00a2c39e90264f33305004495a9","hash":"06bd53246f9f828a470fd3d9405a57390f57e796"}
,"/Users/damondixonjr/advanced_ecom_app/adv_ecom_app/src/components/Header.jsx": {"path":"/Users/damondixonjr/advanced_ecom_app/adv_ecom_app/src/components/Header.jsx","statementMap":{"0":{"start":{"line":11,"column":15},"end":{"line":40,"column":1}},"1":{"start":{"line":12,"column":21},"end":{"line":12,"column":69}},"2":{"start":{"line":12,"column":44},"end":{"line":12,"column":68}},"3":{"start":{"line":13,"column":17},"end":{"line":13,"column":35}},"4":{"start":{"line":14,"column":19},"end":{"line":14,"column":32}},"5":{"start":{"line":16,"column":23},"end":{"line":19,"column":3}},"6":{"start":{"line":17,"column":4},"end":{"line":17,"column":23}},"7":{"start":{"line":18,"column":4},"end":{"line":18,"column":18}},"8":{"start":{"line":21,"column":2},"end":{"line":39,"column":4}}},"fnMap":{"0":{"name":"(anonymous_0)","decl":{"start":{"line":11,"column":15},"end":{"line":11,"column":16}},"loc":{"start":{"line":11,"column":21},"end":{"line":40,"column":1}},"line":11},"1":{"name":"(anonymous_1)","decl":{"start":{"line":12,"column":33},"end":{"line":12,"column":34}},"loc":{"start":{"line":12,"column":44},"end":{"line":12,"column":68}},"line":12},"2":{"name":"(anonymous_2)","decl":{"start":{"line":16,"column":23},"end":{"line":16,"column":24}},"loc":{"start":{"line":16,"column":35},"end":{"line":19,"column":3}},"line":16}},"branchMap":{"0":{"loc":{"start":{"line":31,"column":11},"end":{"line":35,"column":11}},"type":"cond-expr","locations":[{"start":{"line":32,"column":12},"end":{"line":32,"column":84}},{"start":{"line":34,"column":12},"end":{"line":34,"column":69}}],"line":31}},"s":{"0":0,"1":0,"2":0,"3":0,"4":0,"5":0,"6":0,"7":0,"8":0},"f":{"0":0,"1":0,"2":0},"b":{"0":[0,0]}}
,"/Users/damondixonjr/advanced_ecom_app/adv_ecom_app/src/components/OrderDetails.jsx": {"path":"/Users/damondixonjr/advanced_ecom_app/adv_ecom_app/src/components/OrderDetails.jsx","statementMap":{"0":{"start":{"line":8,"column":21},"end":{"line":43,"column":1}},"1":{"start":{"line":9,"column":22},"end":{"line":9,"column":33}},"2":{"start":{"line":10,"column":28},"end":{"line":10,"column":42}},"3":{"start":{"line":12,"column":2},"end":{"line":23,"column":16}},"4":{"start":{"line":13,"column":23},"end":{"line":20,"column":5}},"5":{"start":{"line":14,"column":6},"end":{"line":19,"column":7}},"6":{"start":{"line":15,"column":21},"end":{"line":15,"column":48}},"7":{"start":{"line":16,"column":8},"end":{"line":16,"column":23}},"8":{"start":{"line":18,"column":8},"end":{"line":18,"column":27}},"9":{"start":{"line":22,"column":4},"end":{"line":22,"column":17}},"10":{"start":{"line":25,"column":2},"end":{"line":25,"column":45}},"11":{"start":{"line":25,"column":14},"end":{"line":25,"column":45}},"12":{"start":{"line":27,"column":2},"end":{"line":42,"column":4}},"13":{"start":{"line":36,"column":10},"end":{"line":38,"column":15}}},"fnMap":{"0":{"name":"(anonymous_0)","decl":{"start":{"line":8,"column":21},"end":{"line":8,"column":22}},"loc":{"start":{"line":8,"column":27},"end":{"line":43,"column":1}},"line":8},"1":{"name":"(anonymous_1)","decl":{"start":{"line":12,"column":12},"end":{"line":12,"column":13}},"loc":{"start":{"line":12,"column":18},"end":{"line":23,"column":3}},"line":12},"2":{"name":"(anonymous_2)","decl":{"start":{"line":13,"column":23},"end":{"line":13,"column":24}},"loc":{"start":{"line":13,"column":35},"end":{"line":20,"column":5}},"line":13},"3":{"name":"(anonymous_3)","decl":{"start":{"line":35,"column":25},"end":{"line":35,"column":26}},"loc":{"start":{"line":36,"column":10},"end":{"line":38,"column":15}},"line":36}},"branchMap":{"0":{"loc":{"start":{"line":25,"column":2},"end":{"line":25,"column":45}},"type":"if","locations":[{"start":{"line":25,"column":2},"end":{"line":25,"column":45}},{"start":{},"end":{}}],"line":25}},"s":{"0":0,"1":0,"2":0,"3":0,"4":0,"5":0,"6":0,"7":0,"8":0,"9":0,"10":0,"11":0,"12":0,"13":0},"f":{"0":0,"1":0,"2":0,"3":0},"b":{"0":[0,0]}}
,"/Users/damondixonjr/advanced_ecom_app/adv_ecom_app/src/components/OrderHistory.jsx": {"path":"/Users/damondixonjr/advanced_ecom_app/adv_ecom_app/src/components/OrderHistory.jsx","statementMap":{"0":{"start":{"line":8,"column":21},"end":{"line":39,"column":1}},"1":{"start":{"line":9,"column":30},"end":{"line":9,"column":42}},"2":{"start":{"line":11,"column":2},"end":{"line":22,"column":9}},"3":{"start":{"line":12,"column":24},"end":{"line":19,"column":5}},"4":{"start":{"line":13,"column":6},"end":{"line":18,"column":7}},"5":{"start":{"line":14,"column":21},"end":{"line":14,"column":42}},"6":{"start":{"line":15,"column":8},"end":{"line":15,"column":24}},"7":{"start":{"line":17,"column":8},"end":{"line":17,"column":27}},"8":{"start":{"line":21,"column":4},"end":{"line":21,"column":18}},"9":{"start":{"line":24,"column":2},"end":{"line":38,"column":4}},"10":{"start":{"line":28,"column":8},"end":{"line":35,"column":14}}},"fnMap":{"0":{"name":"(anonymous_0)","decl":{"start":{"line":8,"column":21},"end":{"line":8,"column":22}},"loc":{"start":{"line":8,"column":27},"end":{"line":39,"column":1}},"line":8},"1":{"name":"(anonymous_1)","decl":{"start":{"line":11,"column":12},"end":{"line":11,"column":13}},"loc":{"start":{"line":11,"column":18},"end":{"line":22,"column":3}},"line":11},"2":{"name":"(anonymous_2)","decl":{"start":{"line":12,"column":24},"end":{"line":12,"column":25}},"loc":{"start":{"line":12,"column":36},"end":{"line":19,"column":5}},"line":12},"3":{"name":"(anonymous_3)","decl":{"start":{"line":27,"column":18},"end":{"line":27,"column":19}},"loc":{"start":{"line":28,"column":8},"end":{"line":35,"column":14}},"line":28}},"branchMap":{},"s":{"0":0,"1":0,"2":0,"3":0,"4":0,"5":0,"6":0,"7":0,"8":0,"9":0,"10":0},"f":{"0":0,"1":0,"2":0,"3":0},"b":{}}
,"/Users/damondixonjr/advanced_ecom_app/adv_ecom_app/src/components/auth/Login.jsx": {"path":"/Users/damondixonjr/advanced_ecom_app/adv_ecom_app/src/components/auth/Login.jsx","statementMap":{"0":{"start":{"line":7,"column":14},"end":{"line":47,"column":1}},"1":{"start":{"line":8,"column":28},"end":{"line":8,"column":40}},"2":{"start":{"line":9,"column":34},"end":{"line":9,"column":46}},"3":{"start":{"line":10,"column":28},"end":{"line":10,"column":42}},"4":{"start":{"line":11,"column":19},"end":{"line":11,"column":32}},"5":{"start":{"line":13,"column":23},"end":{"line":21,"column":3}},"6":{"start":{"line":14,"column":4},"end":{"line":14,"column":23}},"7":{"start":{"line":15,"column":4},"end":{"line":20,"column":5}},"8":{"start":{"line":16,"column":6},"end":{"line":16,"column":39}},"9":{"start":{"line":17,"column":6},"end":{"line":17,"column":20}},"10":{"start":{"line":19,"column":6},"end":{"line":19,"column":28}},"11":{"start":{"line":23,"column":2},"end":{"line":46,"column":4}},"12":{"start":{"line":33,"column":25},"end":{"line":33,"column":49}},"13":{"start":{"line":40,"column":25},"end":{"line":40,"column":52}}},"fnMap":{"0":{"name":"(anonymous_0)","decl":{"start":{"line":7,"column":14},"end":{"line":7,"column":15}},"loc":{"start":{"line":7,"column":20},"end":{"line":47,"column":1}},"line":7},"1":{"name":"(anonymous_1)","decl":{"start":{"line":13,"column":23},"end":{"line":13,"column":24}},"loc":{"start":{"line":13,"column":36},"end":{"line":21,"column":3}},"line":13},"2":{"name":"(anonymous_2)","decl":{"start":{"line":33,"column":18},"end":{"line":33,"column":19}},"loc":{"start":{"line":33,"column":25},"end":{"line":33,"column":49}},"line":33},"3":{"name":"(anonymous_3)","decl":{"start":{"line":40,"column":18},"end":{"line":40,"column":19}},"loc":{"start":{"line":40,"column":25},"end":{"line":40,"column":52}},"line":40}},"branchMap":{"0":{"loc":{"start":{"line":27,"column":7},"end":{"line":27,"column":55}},"type":"binary-expr","locations":[{"start":{"line":27,"column":7},"end":{"line":27,"column":12}},{"start":{"line":27,"column":16},"end":{"line":27,"column":55}}],"line":27}},"s":{"0":0,"1":0,"2":0,"3":0,"4":0,"5":0,"6":0,"7":0,"8":0,"9":0,"10":0,"11":0,"12":0,"13":0},"f":{"0":0,"1":0,"2":0,"3":0},"b":{"0":[0,0]}}
,"/Users/damondixonjr/advanced_ecom_app/adv_ecom_app/src/components/auth/Register.jsx": {"path":"/Users/damondixonjr/advanced_ecom_app/adv_ecom_app/src/components/auth/Register.jsx","statementMap":{"0":{"start":{"line":8,"column":17},"end":{"line":46,"column":1}},"1":{"start":{"line":9,"column":28},"end":{"line":9,"column":40}},"2":{"start":{"line":10,"column":34},"end":{"line":10,"column":46}},"3":{"start":{"line":11,"column":28},"end":{"line":11,"column":42}},"4":{"start":{"line":12,"column":19},"end":{"line":12,"column":32}},"5":{"start":{"line":14,"column":23},"end":{"line":23,"column":3}},"6":{"start":{"line":15,"column":4},"end":{"line":15,"column":23}},"7":{"start":{"line":16,"column":4},"end":{"line":22,"column":5}},"8":{"start":{"line":17,"column":6},"end":{"line":17,"column":42}},"9":{"start":{"line":18,"column":6},"end":{"line":18,"column":55}},"10":{"start":{"line":19,"column":6},"end":{"line":19,"column":25}},"11":{"start":{"line":21,"column":6},"end":{"line":21,"column":28}},"12":{"start":{"line":25,"column":2},"end":{"line":45,"column":4}},"13":{"start":{"line":34,"column":25},"end":{"line":34,"column":49}},"14":{"start":{"line":41,"column":25},"end":{"line":41,"column":52}}},"fnMap":{"0":{"name":"(anonymous_0)","decl":{"start":{"line":8,"column":17},"end":{"line":8,"column":18}},"loc":{"start":{"line":8,"column":23},"end":{"line":46,"column":1}},"line":8},"1":{"name":"(anonymous_1)","decl":{"start":{"line":14,"column":23},"end":{"line":14,"column":24}},"loc":{"start":{"line":14,"column":36},"end":{"line":23,"column":3}},"line":14},"2":{"name":"(anonymous_2)","decl":{"start":{"line":34,"column":18},"end":{"line":34,"column":19}},"loc":{"start":{"line":34,"column":25},"end":{"line":34,"column":49}},"line":34},"3":{"name":"(anonymous_3)","decl":{"start":{"line":41,"column":18},"end":{"line":41,"column":19}},"loc":{"start":{"line":41,"column":25},"end":{"line":41,"column":52}},"line":41}},"branchMap":{"0":{"loc":{"start":{"line":28,"column":7},"end":{"line":28,"column":55}},"type":"binary-expr","locations":[{"start":{"line":28,"column":7},"end":{"line":28,"column":12}},{"start":{"line":28,"column":16},"end":{"line":28,"column":55}}],"line":28}},"s":{"0":0,"1":0,"2":0,"3":0,"4":0,"5":0,"6":0,"7":0,"8":0,"9":0,"10":0,"11":0,"12":0,"13":0,"14":0},"f":{"0":0,"1":0,"2":0,"3":0},"b":{"0":[0,0]}}
,"/Users/damondixonjr/advanced_ecom_app/adv_ecom_app/src/components/common/ProtectedRoute.jsx": {"path":"/Users/damondixonjr/advanced_ecom_app/adv_ecom_app/src/components/common/ProtectedRoute.jsx","statementMap":{"0":{"start":{"line":6,"column":23},"end":{"line":17,"column":1}},"1":{"start":{"line":7,"column":35},"end":{"line":7,"column":44}},"2":{"start":{"line":8,"column":19},"end":{"line":8,"column":32}},"3":{"start":{"line":10,"column":2},"end":{"line":10,"column":44}},"4":{"start":{"line":10,"column":15},"end":{"line":10,"column":44}},"5":{"start":{"line":12,"column":2},"end":{"line":14,"column":3}},"6":{"start":{"line":13,"column":4},"end":{"line":13,"column":71}},"7":{"start":{"line":16,"column":2},"end":{"line":16,"column":18}}},"fnMap":{"0":{"name":"(anonymous_0)","decl":{"start":{"line":6,"column":23},"end":{"line":6,"column":24}},"loc":{"start":{"line":6,"column":41},"end":{"line":17,"column":1}},"line":6}},"branchMap":{"0":{"loc":{"start":{"line":10,"column":2},"end":{"line":10,"column":44}},"type":"if","locations":[{"start":{"line":10,"column":2},"end":{"line":10,"column":44}},{"start":{},"end":{}}],"line":10},"1":{"loc":{"start":{"line":12,"column":2},"end":{"line":14,"column":3}},"type":"if","locations":[{"start":{"line":12,"column":2},"end":{"line":14,"column":3}},{"start":{},"end":{}}],"line":12}},"s":{"0":0,"1":0,"2":0,"3":0,"4":0,"5":0,"6":0,"7":0},"f":{"0":0},"b":{"0":[0,0],"1":[0,0]}}
,"/Users/damondixonjr/advanced_ecom_app/adv_ecom_app/src/components/products/ProductForm.jsx": {"path":"/Users/damondixonjr/advanced_ecom_app/adv_ecom_app/src/components/products/ProductForm.jsx","statementMap":{"0":{"start":{"line":6,"column":20},"end":{"line":99,"column":1}},"1":{"start":{"line":7,"column":20},"end":{"line":7,"column":50}},"2":{"start":{"line":9,"column":34},"end":{"line":15,"column":4}},"3":{"start":{"line":17,"column":2},"end":{"line":27,"column":27}},"4":{"start":{"line":18,"column":4},"end":{"line":26,"column":5}},"5":{"start":{"line":19,"column":6},"end":{"line":25,"column":9}},"6":{"start":{"line":29,"column":23},"end":{"line":32,"column":3}},"7":{"start":{"line":30,"column":28},"end":{"line":30,"column":36}},"8":{"start":{"line":31,"column":4},"end":{"line":31,"column":56}},"9":{"start":{"line":31,"column":27},"end":{"line":31,"column":53}},"10":{"start":{"line":34,"column":23},"end":{"line":52,"column":3}},"11":{"start":{"line":35,"column":4},"end":{"line":35,"column":23}},"12":{"start":{"line":36,"column":4},"end":{"line":51,"column":5}},"13":{"start":{"line":37,"column":6},"end":{"line":47,"column":7}},"14":{"start":{"line":38,"column":8},"end":{"line":41,"column":11}},"15":{"start":{"line":43,"column":8},"end":{"line":46,"column":11}},"16":{"start":{"line":48,"column":6},"end":{"line":48,"column":16}},"17":{"start":{"line":50,"column":6},"end":{"line":50,"column":54}},"18":{"start":{"line":54,"column":2},"end":{"line":98,"column":4}}},"fnMap":{"0":{"name":"(anonymous_0)","decl":{"start":{"line":6,"column":20},"end":{"line":6,"column":21}},"loc":{"start":{"line":6,"column":46},"end":{"line":99,"column":1}},"line":6},"1":{"name":"(anonymous_1)","decl":{"start":{"line":17,"column":12},"end":{"line":17,"column":13}},"loc":{"start":{"line":17,"column":18},"end":{"line":27,"column":3}},"line":17},"2":{"name":"(anonymous_2)","decl":{"start":{"line":29,"column":23},"end":{"line":29,"column":24}},"loc":{"start":{"line":29,"column":30},"end":{"line":32,"column":3}},"line":29},"3":{"name":"(anonymous_3)","decl":{"start":{"line":31,"column":16},"end":{"line":31,"column":17}},"loc":{"start":{"line":31,"column":27},"end":{"line":31,"column":53}},"line":31},"4":{"name":"(anonymous_4)","decl":{"start":{"line":34,"column":23},"end":{"line":34,"column":24}},"loc":{"start":{"line":34,"column":36},"end":{"line":52,"column":3}},"line":34}},"branchMap":{"0":{"loc":{"start":{"line":7,"column":28},"end":{"line":7,"column":49}},"type":"binary-expr","locations":[{"start":{"line":7,"column":28},"end":{"line":7,"column":35}},{"start":{"line":7,"column":39},"end":{"line":7,"column":49}}],"line":7},"1":{"loc":{"start":{"line":18,"column":4},"end":{"line":26,"column":5}},"type":"if","locations":[{"start":{"line":18,"column":4},"end":{"line":26,"column":5}},{"start":{},"end":{}}],"line":18},"2":{"loc":{"start":{"line":18,"column":8},"end":{"line":18,"column":28}},"type":"binary-expr","locations":[{"start":{"line":18,"column":8},"end":{"line":18,"column":15}},{"start":{"line":18,"column":19},"end":{"line":18,"column":28}}],"line":18},"3":{"loc":{"start":{"line":20,"column":14},"end":{"line":20,"column":32}},"type":"binary-expr","locations":[{"start":{"line":20,"column":14},"end":{"line":20,"column":26}},{"start":{"line":20,"column":30},"end":{"line":20,"column":32}}],"line":20},"4":{"loc":{"start":{"line":21,"column":15},"end":{"line":21,"column":34}},"type":"binary-expr","locations":[{"start":{"line":21,"column":15},"end":{"line":21,"column":28}},{"start":{"line":21,"column":32},"end":{"line":21,"column":34}}],"line":21},"5":{"loc":{"start":{"line":22,"column":18},"end":{"line":22,"column":40}},"type":"binary-expr","locations":[{"start":{"line":22,"column":18},"end":{"line":22,"column":34}},{"start":{"line":22,"column":38},"end":{"line":22,"column":40}}],"line":22},"6":{"loc":{"start":{"line":23,"column":21},"end":{"line":23,"column":46}},"type":"binary-expr","locations":[{"start":{"line":23,"column":21},"end":{"line":23,"column":40}},{"start":{"line":23,"column":44},"end":{"line":23,"column":46}}],"line":23},"7":{"loc":{"start":{"line":24,"column":18},"end":{"line":24,"column":40}},"type":"binary-expr","locations":[{"start":{"line":24,"column":18},"end":{"line":24,"column":34}},{"start":{"line":24,"column":38},"end":{"line":24,"column":40}}],"line":24},"8":{"loc":{"start":{"line":37,"column":6},"end":{"line":47,"column":7}},"type":"if","locations":[{"start":{"line":37,"column":6},"end":{"line":47,"column":7}},{"start":{"line":42,"column":13},"end":{"line":47,"column":7}}],"line":37},"9":{"loc":{"start":{"line":56,"column":11},"end":{"line":56,"column":57}},"type":"cond-expr","locations":[{"start":{"line":56,"column":23},"end":{"line":56,"column":37}},{"start":{"line":56,"column":40},"end":{"line":56,"column":57}}],"line":56},"10":{"loc":{"start":{"line":93,"column":29},"end":{"line":93,"column":60}},"type":"cond-expr","locations":[{"start":{"line":93,"column":41},"end":{"line":93,"column":49}},{"start":{"line":93,"column":52},"end":{"line":93,"column":60}}],"line":93}},"s":{"0":0,"1":0,"2":0,"3":0,"4":0,"5":0,"6":0,"7":0,"8":0,"9":0,"10":0,"11":0,"12":0,"13":0,"14":0,"15":0,"16":0,"17":0,"18":0},"f":{"0":0,"1":0,"2":0,"3":0,"4":0},"b":{"0":[0,0],"1":[0,0],"2":[0,0],"3":[0,0],"4":[0,0],"5":[0,0],"6":[0,0],"7":[0,0],"8":[0,0],"9":[0,0],"10":[0,0]}}
,"/Users/damondixonjr/advanced_ecom_app/adv_ecom_app/src/components/products/ProductList.jsx": {"path":"/Users/damondixonjr/advanced_ecom_app/adv_ecom_app/src/components/products/ProductList.jsx","statementMap":{"0":{"start":{"line":8,"column":20},"end":{"line":64,"column":1}},"1":{"start":{"line":9,"column":34},"end":{"line":9,"column":46}},"2":{"start":{"line":10,"column":46},"end":{"line":10,"column":60}},"3":{"start":{"line":11,"column":32},"end":{"line":11,"column":46}},"4":{"start":{"line":13,"column":24},"end":{"line":18,"column":3}},"5":{"start":{"line":14,"column":4},"end":{"line":14,"column":21}},"6":{"start":{"line":15,"column":17},"end":{"line":15,"column":39}},"7":{"start":{"line":16,"column":4},"end":{"line":16,"column":22}},"8":{"start":{"line":17,"column":4},"end":{"line":17,"column":22}},"9":{"start":{"line":20,"column":2},"end":{"line":22,"column":9}},"10":{"start":{"line":21,"column":4},"end":{"line":21,"column":20}},"11":{"start":{"line":24,"column":23},"end":{"line":29,"column":3}},"12":{"start":{"line":25,"column":4},"end":{"line":28,"column":5}},"13":{"start":{"line":26,"column":6},"end":{"line":26,"column":30}},"14":{"start":{"line":27,"column":6},"end":{"line":27,"column":22}},"15":{"start":{"line":31,"column":21},"end":{"line":33,"column":3}},"16":{"start":{"line":32,"column":4},"end":{"line":32,"column":31}},"17":{"start":{"line":35,"column":26},"end":{"line":38,"column":3}},"18":{"start":{"line":36,"column":4},"end":{"line":36,"column":28}},"19":{"start":{"line":37,"column":4},"end":{"line":37,"column":20}},"20":{"start":{"line":40,"column":2},"end":{"line":40,"column":49}},"21":{"start":{"line":40,"column":15},"end":{"line":40,"column":49}},"22":{"start":{"line":42,"column":2},"end":{"line":63,"column":4}},"23":{"start":{"line":45,"column":29},"end":{"line":45,"column":50}},"24":{"start":{"line":53,"column":10},"end":{"line":59,"column":15}},"25":{"start":{"line":55,"column":35},"end":{"line":55,"column":48}},"26":{"start":{"line":56,"column":35},"end":{"line":56,"column":53}}},"fnMap":{"0":{"name":"(anonymous_0)","decl":{"start":{"line":8,"column":20},"end":{"line":8,"column":21}},"loc":{"start":{"line":8,"column":26},"end":{"line":64,"column":1}},"line":8},"1":{"name":"(anonymous_1)","decl":{"start":{"line":13,"column":24},"end":{"line":13,"column":25}},"loc":{"start":{"line":13,"column":36},"end":{"line":18,"column":3}},"line":13},"2":{"name":"(anonymous_2)","decl":{"start":{"line":20,"column":12},"end":{"line":20,"column":13}},"loc":{"start":{"line":20,"column":18},"end":{"line":22,"column":3}},"line":20},"3":{"name":"(anonymous_3)","decl":{"start":{"line":24,"column":23},"end":{"line":24,"column":24}},"loc":{"start":{"line":24,"column":37},"end":{"line":29,"column":3}},"line":24},"4":{"name":"(anonymous_4)","decl":{"start":{"line":31,"column":21},"end":{"line":31,"column":22}},"loc":{"start":{"line":31,"column":34},"end":{"line":33,"column":3}},"line":31},"5":{"name":"(anonymous_5)","decl":{"start":{"line":35,"column":26},"end":{"line":35,"column":27}},"loc":{"start":{"line":35,"column":32},"end":{"line":38,"column":3}},"line":35},"6":{"name":"(anonymous_6)","decl":{"start":{"line":45,"column":23},"end":{"line":45,"column":24}},"loc":{"start":{"line":45,"column":29},"end":{"line":45,"column":50}},"line":45},"7":{"name":"(anonymous_7)","decl":{"start":{"line":52,"column":22},"end":{"line":52,"column":23}},"loc":{"start":{"line":53,"column":10},"end":{"line":59,"column":15}},"line":53},"8":{"name":"(anonymous_8)","decl":{"start":{"line":55,"column":29},"end":{"line":55,"column":30}},"loc":{"start":{"line":55,"column":35},"end":{"line":55,"column":48}},"line":55},"9":{"name":"(anonymous_9)","decl":{"start":{"line":56,"column":29},"end":{"line":56,"column":30}},"loc":{"start":{"line":56,"column":35},"end":{"line":56,"column":53}},"line":56}},"branchMap":{"0":{"loc":{"start":{"line":25,"column":4},"end":{"line":28,"column":5}},"type":"if","locations":[{"start":{"line":25,"column":4},"end":{"line":28,"column":5}},{"start":{},"end":{}}],"line":25},"1":{"loc":{"start":{"line":40,"column":2},"end":{"line":40,"column":49}},"type":"if","locations":[{"start":{"line":40,"column":2},"end":{"line":40,"column":49}},{"start":{},"end":{}}],"line":40},"2":{"loc":{"start":{"line":47,"column":7},"end":{"line":49,"column":7}},"type":"binary-expr","locations":[{"start":{"line":47,"column":7},"end":{"line":47,"column":21}},{"start":{"line":48,"column":8},"end":{"line":48,"column":74}}],"line":47}},"s":{"0":0,"1":0,"2":0,"3":0,"4":0,"5":0,"6":0,"7":0,"8":0,"9":0,"10":0,"11":0,"12":0,"13":0,"14":0,"15":0,"16":0,"17":0,"18":0,"19":0,"20":0,"21":0,"22":0,"23":0,"24":0,"25":0,"26":0},"f":{"0":0,"1":0,"2":0,"3":0,"4":0,"5":0,"6":0,"7":0,"8":0,"9":0},"b":{"0":[0,0],"1":[0,0],"2":[0,0]}}
,"/Users/damondixonjr/advanced_ecom_app/adv_ecom_app/src/components/user/UserProfile.jsx": {"path":"/Users/damondixonjr/advanced_ecom_app/adv_ecom_app/src/components/user/UserProfile.jsx","statementMap":{"0":{"start":{"line":10,"column":20},"end":{"line":90,"column":1}},"1":{"start":{"line":11,"column":17},"end":{"line":11,"column":33}},"2":{"start":{"line":12,"column":21},"end":{"line":12,"column":34}},"3":{"start":{"line":13,"column":34},"end":{"line":13,"column":80}},"4":{"start":{"line":14,"column":34},"end":{"line":14,"column":48}},"5":{"start":{"line":15,"column":34},"end":{"line":15,"column":48}},"6":{"start":{"line":17,"column":4},"end":{"line":32,"column":25}},"7":{"start":{"line":18,"column":8},"end":{"line":21,"column":9}},"8":{"start":{"line":19,"column":12},"end":{"line":19,"column":31}},"9":{"start":{"line":20,"column":12},"end":{"line":20,"column":19}},"10":{"start":{"line":22,"column":29},"end":{"line":30,"column":9}},"11":{"start":{"line":23,"column":12},"end":{"line":28,"column":13}},"12":{"start":{"line":24,"column":29},"end":{"line":24,"column":59}},"13":{"start":{"line":25,"column":16},"end":{"line":25,"column":102}},"14":{"start":{"line":27,"column":16},"end":{"line":27,"column":35}},"15":{"start":{"line":29,"column":12},"end":{"line":29,"column":30}},"16":{"start":{"line":31,"column":8},"end":{"line":31,"column":23}},"17":{"start":{"line":34,"column":25},"end":{"line":36,"column":5}},"18":{"start":{"line":35,"column":8},"end":{"line":35,"column":68}},"19":{"start":{"line":38,"column":25},"end":{"line":49,"column":5}},"20":{"start":{"line":39,"column":8},"end":{"line":39,"column":27}},"21":{"start":{"line":40,"column":8},"end":{"line":48,"column":9}},"22":{"start":{"line":41,"column":12},"end":{"line":44,"column":15}},"23":{"start":{"line":45,"column":12},"end":{"line":45,"column":56}},"24":{"start":{"line":47,"column":12},"end":{"line":47,"column":52}},"25":{"start":{"line":51,"column":25},"end":{"line":60,"column":5}},"26":{"start":{"line":52,"column":8},"end":{"line":59,"column":9}},"27":{"start":{"line":53,"column":12},"end":{"line":58,"column":13}},"28":{"start":{"line":54,"column":16},"end":{"line":54,"column":42}},"29":{"start":{"line":55,"column":16},"end":{"line":55,"column":38}},"30":{"start":{"line":57,"column":16},"end":{"line":57,"column":66}},"31":{"start":{"line":62,"column":4},"end":{"line":62,"column":50}},"32":{"start":{"line":62,"column":17},"end":{"line":62,"column":50}},"33":{"start":{"line":64,"column":4},"end":{"line":89,"column":6}}},"fnMap":{"0":{"name":"(anonymous_0)","decl":{"start":{"line":10,"column":20},"end":{"line":10,"column":21}},"loc":{"start":{"line":10,"column":26},"end":{"line":90,"column":1}},"line":10},"1":{"name":"(anonymous_1)","decl":{"start":{"line":17,"column":14},"end":{"line":17,"column":15}},"loc":{"start":{"line":17,"column":20},"end":{"line":32,"column":5}},"line":17},"2":{"name":"(anonymous_2)","decl":{"start":{"line":22,"column":29},"end":{"line":22,"column":30}},"loc":{"start":{"line":22,"column":41},"end":{"line":30,"column":9}},"line":22},"3":{"name":"(anonymous_3)","decl":{"start":{"line":34,"column":25},"end":{"line":34,"column":26}},"loc":{"start":{"line":34,"column":32},"end":{"line":36,"column":5}},"line":34},"4":{"name":"(anonymous_4)","decl":{"start":{"line":38,"column":25},"end":{"line":38,"column":26}},"loc":{"start":{"line":38,"column":38},"end":{"line":49,"column":5}},"line":38},"5":{"name":"(anonymous_5)","decl":{"start":{"line":51,"column":25},"end":{"line":51,"column":26}},"loc":{"start":{"line":51,"column":37},"end":{"line":60,"column":5}},"line":51}},"branchMap":{"0":{"loc":{"start":{"line":18,"column":8},"end":{"line":21,"column":9}},"type":"if","locations":[{"start":{"line":18,"column":8},"end":{"line":21,"column":9}},{"start":{},"end":{}}],"line":18},"1":{"loc":{"start":{"line":25,"column":35},"end":{"line":25,"column":50}},"type":"binary-expr","locations":[{"start":{"line":25,"column":35},"end":{"line":25,"column":44}},{"start":{"line":25,"column":48},"end":{"line":25,"column":50}}],"line":25},"2":{"loc":{"start":{"line":25,"column":61},"end":{"line":25,"column":79}},"type":"binary-expr","locations":[{"start":{"line":25,"column":61},"end":{"line":25,"column":73}},{"start":{"line":25,"column":77},"end":{"line":25,"column":79}}],"line":25},"3":{"loc":{"start":{"line":52,"column":8},"end":{"line":59,"column":9}},"type":"if","locations":[{"start":{"line":52,"column":8},"end":{"line":59,"column":9}},{"start":{},"end":{}}],"line":52},"4":{"loc":{"start":{"line":62,"column":4},"end":{"line":62,"column":50}},"type":"if","locations":[{"start":{"line":62,"column":4},"end":{"line":62,"column":50}},{"start":{},"end":{}}],"line":62},"5":{"loc":{"start":{"line":81,"column":13},"end":{"line":81,"column":40}},"type":"binary-expr","locations":[{"start":{"line":81,"column":13},"end":{"line":81,"column":20}},{"start":{"line":81,"column":24},"end":{"line":81,"column":40}}],"line":81}},"s":{"0":0,"1":0,"2":0,"3":0,"4":0,"5":0,"6":0,"7":0,"8":0,"9":0,"10":0,"11":0,"12":0,"13":0,"14":0,"15":0,"16":0,"17":0,"18":0,"19":0,"20":0,"21":0,"22":0,"23":0,"24":0,"25":0,"26":0,"27":0,"28":0,"29":0,"30":0,"31":0,"32":0,"33":0},"f":{"0":0,"1":0,"2":0,"3":0,"4":0,"5":0},"b":{"0":[0,0],"1":[0,0],"2":[0,0],"3":[0,0],"4":[0,0],"5":[0,0]}}
,"/Users/damondixonjr/advanced_ecom_app/adv_ecom_app/src/context/AuthContext.jsx": {"path":"/Users/damondixonjr/advanced_ecom_app/adv_ecom_app/src/context/AuthContext.jsx","statementMap":{"0":{"start":{"line":7,"column":20},"end":{"line":7,"column":35}},"1":{"start":{"line":9,"column":23},"end":{"line":9,"column":52}},"2":{"start":{"line":9,"column":29},"end":{"line":9,"column":52}},"3":{"start":{"line":11,"column":28},"end":{"line":30,"column":1}},"4":{"start":{"line":12,"column":40},"end":{"line":12,"column":54}},"5":{"start":{"line":13,"column":32},"end":{"line":13,"column":46}},"6":{"start":{"line":15,"column":2},"end":{"line":21,"column":9}},"7":{"start":{"line":16,"column":24},"end":{"line":19,"column":6}},"8":{"start":{"line":17,"column":6},"end":{"line":17,"column":27}},"9":{"start":{"line":18,"column":6},"end":{"line":18,"column":24}},"10":{"start":{"line":20,"column":4},"end":{"line":20,"column":23}},"11":{"start":{"line":23,"column":16},"end":{"line":23,"column":31}},"12":{"start":{"line":25,"column":2},"end":{"line":29,"column":4}}},"fnMap":{"0":{"name":"(anonymous_0)","decl":{"start":{"line":9,"column":23},"end":{"line":9,"column":24}},"loc":{"start":{"line":9,"column":29},"end":{"line":9,"column":52}},"line":9},"1":{"name":"(anonymous_1)","decl":{"start":{"line":11,"column":28},"end":{"line":11,"column":29}},"loc":{"start":{"line":11,"column":46},"end":{"line":30,"column":1}},"line":11},"2":{"name":"(anonymous_2)","decl":{"start":{"line":15,"column":12},"end":{"line":15,"column":13}},"loc":{"start":{"line":15,"column":18},"end":{"line":21,"column":3}},"line":15},"3":{"name":"(anonymous_3)","decl":{"start":{"line":16,"column":49},"end":{"line":16,"column":50}},"loc":{"start":{"line":16,"column":57},"end":{"line":19,"column":5}},"line":16}},"branchMap":{"0":{"loc":{"start":{"line":27,"column":7},"end":{"line":27,"column":27}},"type":"binary-expr","locations":[{"start":{"line":27,"column":7},"end":{"line":27,"column":15}},{"start":{"line":27,"column":19},"end":{"line":27,"column":27}}],"line":27}},"s":{"0":0,"1":0,"2":0,"3":0,"4":0,"5":0,"6":0,"7":0,"8":0,"9":0,"10":0,"11":0,"12":0},"f":{"0":0,"1":0,"2":0,"3":0},"b":{"0":[0,0]}}
,"/Users/damondixonjr/advanced_ecom_app/adv_ecom_app/src/features/cart/Cart.jsx": {"path":"/Users/damondixonjr/advanced_ecom_app/adv_ecom_app/src/features/cart/Cart.jsx","statementMap":{"0":{"start":{"line":8,"column":13},"end":{"line":82,"column":1}},"1":{"start":{"line":10,"column":17},"end":{"line":10,"column":51}},"2":{"start":{"line":10,"column":40},"end":{"line":10,"column":50}},"3":{"start":{"line":11,"column":21},"end":{"line":11,"column":34}},"4":{"start":{"line":12,"column":40},"end":{"line":12,"column":55}},"5":{"start":{"line":16,"column":18},"end":{"line":16,"column":58}},"6":{"start":{"line":16,"column":41},"end":{"line":16,"column":57}},"7":{"start":{"line":17,"column":26},"end":{"line":17,"column":74}},"8":{"start":{"line":17,"column":49},"end":{"line":17,"column":73}},"9":{"start":{"line":18,"column":23},"end":{"line":18,"column":68}},"10":{"start":{"line":18,"column":46},"end":{"line":18,"column":67}},"11":{"start":{"line":20,"column":33},"end":{"line":22,"column":5}},"12":{"start":{"line":21,"column":8},"end":{"line":21,"column":37}},"13":{"start":{"line":24,"column":27},"end":{"line":44,"column":5}},"14":{"start":{"line":26,"column":8},"end":{"line":29,"column":11}},"15":{"start":{"line":27,"column":12},"end":{"line":27,"column":41}},"16":{"start":{"line":28,"column":12},"end":{"line":28,"column":19}},"17":{"start":{"line":31,"column":8},"end":{"line":43,"column":9}},"18":{"start":{"line":33,"column":28},"end":{"line":33,"column":74}},"19":{"start":{"line":34,"column":12},"end":{"line":34,"column":54}},"20":{"start":{"line":37,"column":12},"end":{"line":37,"column":34}},"21":{"start":{"line":38,"column":12},"end":{"line":38,"column":32}},"22":{"start":{"line":39,"column":12},"end":{"line":39,"column":57}},"23":{"start":{"line":39,"column":29},"end":{"line":39,"column":49}},"24":{"start":{"line":41,"column":12},"end":{"line":41,"column":57}},"25":{"start":{"line":42,"column":12},"end":{"line":42,"column":62}},"26":{"start":{"line":49,"column":4},"end":{"line":81,"column":6}},"27":{"start":{"line":66,"column":28},"end":{"line":72,"column":33}},"28":{"start":{"line":71,"column":55},"end":{"line":71,"column":84}}},"fnMap":{"0":{"name":"(anonymous_0)","decl":{"start":{"line":8,"column":13},"end":{"line":8,"column":14}},"loc":{"start":{"line":8,"column":19},"end":{"line":82,"column":1}},"line":8},"1":{"name":"(anonymous_1)","decl":{"start":{"line":10,"column":29},"end":{"line":10,"column":30}},"loc":{"start":{"line":10,"column":40},"end":{"line":10,"column":50}},"line":10},"2":{"name":"(anonymous_2)","decl":{"start":{"line":16,"column":30},"end":{"line":16,"column":31}},"loc":{"start":{"line":16,"column":41},"end":{"line":16,"column":57}},"line":16},"3":{"name":"(anonymous_3)","decl":{"start":{"line":17,"column":38},"end":{"line":17,"column":39}},"loc":{"start":{"line":17,"column":49},"end":{"line":17,"column":73}},"line":17},"4":{"name":"(anonymous_4)","decl":{"start":{"line":18,"column":35},"end":{"line":18,"column":36}},"loc":{"start":{"line":18,"column":46},"end":{"line":18,"column":67}},"line":18},"5":{"name":"(anonymous_5)","decl":{"start":{"line":20,"column":33},"end":{"line":20,"column":34}},"loc":{"start":{"line":20,"column":41},"end":{"line":22,"column":5}},"line":20},"6":{"name":"(anonymous_6)","decl":{"start":{"line":24,"column":27},"end":{"line":24,"column":28}},"loc":{"start":{"line":24,"column":39},"end":{"line":44,"column":5}},"line":24},"7":{"name":"(anonymous_7)","decl":{"start":{"line":39,"column":23},"end":{"line":39,"column":24}},"loc":{"start":{"line":39,"column":29},"end":{"line":39,"column":49}},"line":39},"8":{"name":"(anonymous_8)","decl":{"start":{"line":65,"column":35},"end":{"line":65,"column":36}},"loc":{"start":{"line":66,"column":28},"end":{"line":72,"column":33}},"line":66},"9":{"name":"(anonymous_9)","decl":{"start":{"line":71,"column":49},"end":{"line":71,"column":50}},"loc":{"start":{"line":71,"column":55},"end":{"line":71,"column":84}},"line":71}},"branchMap":{"0":{"loc":{"start":{"line":26,"column":8},"end":{"line":29,"column":11}},"type":"if","locations":[{"start":{"line":26,"column":8},"end":{"line":29,"column":11}},{"start":{},"end":{}}],"line":26},"1":{"loc":{"start":{"line":53,"column":13},"end":{"line":57,"column":13}},"type":"binary-expr","locations":[{"start":{"line":53,"column":13},"end":{"line":53,"column":23}},{"start":{"line":54,"column":16},"end":{"line":56,"column":22}}],"line":53},"2":{"loc":{"start":{"line":60,"column":13},"end":{"line":79,"column":13}},"type":"cond-expr","locations":[{"start":{"line":61,"column":16},"end":{"line":61,"column":56}},{"start":{"line":63,"column":16},"end":{"line":78,"column":22}}],"line":60}},"s":{"0":0,"1":0,"2":0,"3":0,"4":0,"5":0,"6":0,"7":0,"8":0,"9":0,"10":0,"11":0,"12":0,"13":0,"14":0,"15":0,"16":0,"17":0,"18":0,"19":0,"20":0,"21":0,"22":0,"23":0,"24":0,"25":0,"26":0,"27":0,"28":0},"f":{"0":0,"1":0,"2":0,"3":0,"4":0,"5":0,"6":0,"7":0,"8":0,"9":0},"b":{"0":[0,0],"1":[0,0],"2":[0,0]}}
,"/Users/damondixonjr/advanced_ecom_app/adv_ecom_app/src/features/cart/cartSlice.js": {"path":"/Users/damondixonjr/advanced_ecom_app/adv_ecom_app/src/features/cart/cartSlice.js","statementMap":{"0":{"start":{"line":3,"column":18},"end":{"line":3,"column":48}},"1":{"start":{"line":4,"column":21},"end":{"line":10,"column":5}},"2":{"start":{"line":12,"column":33},"end":{"line":14,"column":1}},"3":{"start":{"line":13,"column":4},"end":{"line":13,"column":58}},"4":{"start":{"line":16,"column":18},"end":{"line":56,"column":2}},"5":{"start":{"line":21,"column":25},"end":{"line":21,"column":39}},"6":{"start":{"line":22,"column":26},"end":{"line":22,"column":36}},"7":{"start":{"line":25,"column":33},"end":{"line":25,"column":74}},"8":{"start":{"line":25,"column":57},"end":{"line":25,"column":73}},"9":{"start":{"line":27,"column":12},"end":{"line":31,"column":13}},"10":{"start":{"line":28,"column":14},"end":{"line":28,"column":41}},"11":{"start":{"line":30,"column":14},"end":{"line":30,"column":57}},"12":{"start":{"line":33,"column":12},"end":{"line":33,"column":37}},"13":{"start":{"line":34,"column":12},"end":{"line":34,"column":38}},"14":{"start":{"line":35,"column":12},"end":{"line":35,"column":44}},"15":{"start":{"line":38,"column":23},"end":{"line":38,"column":37}},"16":{"start":{"line":39,"column":33},"end":{"line":39,"column":73}},"17":{"start":{"line":39,"column":58},"end":{"line":39,"column":72}},"18":{"start":{"line":40,"column":12},"end":{"line":44,"column":13}},"19":{"start":{"line":41,"column":16},"end":{"line":41,"column":61}},"20":{"start":{"line":42,"column":16},"end":{"line":42,"column":79}},"21":{"start":{"line":43,"column":16},"end":{"line":43,"column":73}},"22":{"start":{"line":43,"column":57},"end":{"line":43,"column":71}},"23":{"start":{"line":45,"column":12},"end":{"line":45,"column":44}},"24":{"start":{"line":49,"column":12},"end":{"line":49,"column":29}},"25":{"start":{"line":50,"column":12},"end":{"line":50,"column":36}},"26":{"start":{"line":51,"column":12},"end":{"line":51,"column":33}},"27":{"start":{"line":52,"column":12},"end":{"line":52,"column":44}},"28":{"start":{"line":57,"column":56},"end":{"line":57,"column":73}}},"fnMap":{"0":{"name":"(anonymous_0)","decl":{"start":{"line":12,"column":33},"end":{"line":12,"column":34}},"loc":{"start":{"line":12,"column":44},"end":{"line":14,"column":1}},"line":12},"1":{"name":"(anonymous_1)","decl":{"start":{"line":20,"column":19},"end":{"line":20,"column":20}},"loc":{"start":{"line":20,"column":38},"end":{"line":36,"column":11}},"line":20},"2":{"name":"(anonymous_2)","decl":{"start":{"line":25,"column":50},"end":{"line":25,"column":51}},"loc":{"start":{"line":25,"column":57},"end":{"line":25,"column":73}},"line":25},"3":{"name":"(anonymous_3)","decl":{"start":{"line":37,"column":24},"end":{"line":37,"column":25}},"loc":{"start":{"line":37,"column":43},"end":{"line":46,"column":9}},"line":37},"4":{"name":"(anonymous_4)","decl":{"start":{"line":39,"column":50},"end":{"line":39,"column":51}},"loc":{"start":{"line":39,"column":58},"end":{"line":39,"column":72}},"line":39},"5":{"name":"(anonymous_5)","decl":{"start":{"line":43,"column":49},"end":{"line":43,"column":50}},"loc":{"start":{"line":43,"column":57},"end":{"line":43,"column":71}},"line":43},"6":{"name":"(anonymous_6)","decl":{"start":{"line":48,"column":19},"end":{"line":48,"column":20}},"loc":{"start":{"line":48,"column":30},"end":{"line":53,"column":9}},"line":48}},"branchMap":{"0":{"loc":{"start":{"line":4,"column":21},"end":{"line":10,"column":5}},"type":"cond-expr","locations":[{"start":{"line":5,"column":6},"end":{"line":5,"column":27}},{"start":{"line":6,"column":6},"end":{"line":10,"column":5}}],"line":4},"1":{"loc":{"start":{"line":27,"column":12},"end":{"line":31,"column":13}},"type":"if","locations":[{"start":{"line":27,"column":12},"end":{"line":31,"column":13}},{"start":{"line":29,"column":19},"end":{"line":31,"column":13}}],"line":27},"2":{"loc":{"start":{"line":40,"column":12},"end":{"line":44,"column":13}},"type":"if","locations":[{"start":{"line":40,"column":12},"end":{"line":44,"column":13}},{"start":{},"end":{}}],"line":40}},"s":{"0":0,"1":0,"2":0,"3":0,"4":0,"5":0,"6":0,"7":0,"8":0,"9":0,"10":0,"11":0,"12":0,"13":0,"14":0,"15":0,"16":0,"17":0,"18":0,"19":0,"20":0,"21":0,"22":0,"23":0,"24":0,"25":0,"26":0,"27":0,"28":0},"f":{"0":0,"1":0,"2":0,"3":0,"4":0,"5":0,"6":0},"b":{"0":[0,0],"1":[0,0],"2":[0,0]}}
,"/Users/damondixonjr/advanced_ecom_app/adv_ecom_app/src/firebase/authService.js": {"path":"/Users/damondixonjr/advanced_ecom_app/adv_ecom_app/src/firebase/authService.js","statementMap":{"0":{"start":{"line":15,"column":28},"end":{"line":26,"column":1}},"1":{"start":{"line":16,"column":27},"end":{"line":16,"column":86}},"2":{"start":{"line":17,"column":17},"end":{"line":17,"column":36}},"3":{"start":{"line":19,"column":4},"end":{"line":23,"column":7}},"4":{"start":{"line":25,"column":4},"end":{"line":25,"column":16}},"5":{"start":{"line":28,"column":25},"end":{"line":35,"column":5}},"6":{"start":{"line":29,"column":4},"end":{"line":34,"column":9}},"7":{"start":{"line":30,"column":31},"end":{"line":30,"column":86}},"8":{"start":{"line":31,"column":8},"end":{"line":31,"column":35}},"9":{"start":{"line":33,"column":12},"end":{"line":33,"column":62}},"10":{"start":{"line":37,"column":30},"end":{"line":39,"column":5}},"11":{"start":{"line":38,"column":8},"end":{"line":38,"column":28}},"12":{"start":{"line":44,"column":34},"end":{"line":51,"column":5}},"13":{"start":{"line":45,"column":24},"end":{"line":45,"column":59}},"14":{"start":{"line":46,"column":8},"end":{"line":50,"column":9}},"15":{"start":{"line":47,"column":12},"end":{"line":47,"column":34}},"16":{"start":{"line":49,"column":12},"end":{"line":49,"column":46}},"17":{"start":{"line":54,"column":37},"end":{"line":56,"column":5}},"18":{"start":{"line":55,"column":8},"end":{"line":55,"column":60}},"19":{"start":{"line":59,"column":37},"end":{"line":73,"column":5}},"20":{"start":{"line":60,"column":21},"end":{"line":60,"column":37}},"21":{"start":{"line":62,"column":8},"end":{"line":72,"column":9}},"22":{"start":{"line":63,"column":24},"end":{"line":63,"column":32}},"23":{"start":{"line":66,"column":12},"end":{"line":66,"column":51}},"24":{"start":{"line":69,"column":12},"end":{"line":69,"column":35}},"25":{"start":{"line":71,"column":12},"end":{"line":71,"column":62}}},"fnMap":{"0":{"name":"(anonymous_0)","decl":{"start":{"line":15,"column":28},"end":{"line":15,"column":29}},"loc":{"start":{"line":15,"column":55},"end":{"line":26,"column":1}},"line":15},"1":{"name":"(anonymous_1)","decl":{"start":{"line":28,"column":25},"end":{"line":28,"column":26}},"loc":{"start":{"line":28,"column":52},"end":{"line":35,"column":5}},"line":28},"2":{"name":"(anonymous_2)","decl":{"start":{"line":37,"column":30},"end":{"line":37,"column":31}},"loc":{"start":{"line":37,"column":42},"end":{"line":39,"column":5}},"line":37},"3":{"name":"(anonymous_3)","decl":{"start":{"line":44,"column":34},"end":{"line":44,"column":35}},"loc":{"start":{"line":44,"column":49},"end":{"line":51,"column":5}},"line":44},"4":{"name":"(anonymous_4)","decl":{"start":{"line":54,"column":37},"end":{"line":54,"column":38}},"loc":{"start":{"line":54,"column":65},"end":{"line":56,"column":5}},"line":54},"5":{"name":"(anonymous_5)","decl":{"start":{"line":59,"column":37},"end":{"line":59,"column":38}},"loc":{"start":{"line":59,"column":49},"end":{"line":73,"column":5}},"line":59}},"branchMap":{"0":{"loc":{"start":{"line":46,"column":8},"end":{"line":50,"column":9}},"type":"if","locations":[{"start":{"line":46,"column":8},"end":{"line":50,"column":9}},{"start":{"line":48,"column":15},"end":{"line":50,"column":9}}],"line":46},"1":{"loc":{"start":{"line":62,"column":8},"end":{"line":72,"column":9}},"type":"if","locations":[{"start":{"line":62,"column":8},"end":{"line":72,"column":9}},{"start":{"line":70,"column":15},"end":{"line":72,"column":9}}],"line":62}},"s":{"0":0,"1":0,"2":0,"3":0,"4":0,"5":0,"6":0,"7":0,"8":0,"9":0,"10":0,"11":0,"12":0,"13":0,"14":0,"15":0,"16":0,"17":0,"18":0,"19":0,"20":0,"21":0,"22":0,"23":0,"24":0,"25":0},"f":{"0":0,"1":0,"2":0,"3":0,"4":0,"5":0},"b":{"0":[0,0],"1":[0,0]}}
,"/Users/damondixonjr/advanced_ecom_app/adv_ecom_app/src/firebase/firebaseConfig.js": {"path":"/Users/damondixonjr/advanced_ecom_app/adv_ecom_app/src/firebase/firebaseConfig.js","statementMap":{"0":{"start":{"line":6,"column":23},"end":{"line":13,"column":1}},"1":{"start":{"line":16,"column":12},"end":{"line":16,"column":41}},"2":{"start":{"line":17,"column":13},"end":{"line":17,"column":25}},"3":{"start":{"line":18,"column":11},"end":{"line":18,"column":28}},"4":{"start":{"line":21,"column":0},"end":{"line":27,"column":5}},"5":{"start":{"line":23,"column":4},"end":{"line":23,"column":50}},"6":{"start":{"line":26,"column":4},"end":{"line":26,"column":60}}},"fnMap":{"0":{"name":"(anonymous_0)","decl":{"start":{"line":22,"column":8},"end":{"line":22,"column":9}},"loc":{"start":{"line":22,"column":14},"end":{"line":24,"column":3}},"line":22},"1":{"name":"(anonymous_1)","decl":{"start":{"line":25,"column":9},"end":{"line":25,"column":10}},"loc":{"start":{"line":25,"column":20},"end":{"line":27,"column":3}},"line":25}},"branchMap":{},"s":{"0":1,"1":1,"2":1,"3":1,"4":1,"5":1,"6":0},"f":{"0":1,"1":0},"b":{},"_coverageSchema":"1a1c01bbd47fc00a2c39e90264f33305004495a9","hash":"af907f72ddf12a0f1b6168adf3b8bb976463f304"}
,"/Users/damondixonjr/advanced_ecom_app/adv_ecom_app/src/firebase/orderService.js": {"path":"/Users/damondixonjr/advanced_ecom_app/adv_ecom_app/src/firebase/orderService.js","statementMap":{"0":{"start":{"line":8,"column":26},"end":{"line":22,"column":1}},"1":{"start":{"line":9,"column":15},"end":{"line":9,"column":31}},"2":{"start":{"line":10,"column":2},"end":{"line":10,"column":51}},"3":{"start":{"line":10,"column":13},"end":{"line":10,"column":51}},"4":{"start":{"line":12,"column":20},"end":{"line":18,"column":3}},"5":{"start":{"line":20,"column":19},"end":{"line":20,"column":68}},"6":{"start":{"line":21,"column":2},"end":{"line":21,"column":21}},"7":{"start":{"line":25,"column":29},"end":{"line":36,"column":1}},"8":{"start":{"line":26,"column":15},"end":{"line":26,"column":31}},"9":{"start":{"line":27,"column":2},"end":{"line":27,"column":51}},"10":{"start":{"line":27,"column":13},"end":{"line":27,"column":51}},"11":{"start":{"line":29,"column":12},"end":{"line":29,"column":76}},"12":{"start":{"line":30,"column":19},"end":{"line":30,"column":35}},"13":{"start":{"line":32,"column":2},"end":{"line":35,"column":6}},"14":{"start":{"line":32,"column":37},"end":{"line":35,"column":3}},"15":{"start":{"line":39,"column":28},"end":{"line":44,"column":1}},"16":{"start":{"line":40,"column":17},"end":{"line":40,"column":43}},"17":{"start":{"line":41,"column":19},"end":{"line":41,"column":39}},"18":{"start":{"line":42,"column":2},"end":{"line":42,"column":61}},"19":{"start":{"line":42,"column":26},"end":{"line":42,"column":61}},"20":{"start":{"line":43,"column":2},"end":{"line":43,"column":49}}},"fnMap":{"0":{"name":"(anonymous_0)","decl":{"start":{"line":8,"column":26},"end":{"line":8,"column":27}},"loc":{"start":{"line":8,"column":54},"end":{"line":22,"column":1}},"line":8},"1":{"name":"(anonymous_1)","decl":{"start":{"line":25,"column":29},"end":{"line":25,"column":30}},"loc":{"start":{"line":25,"column":41},"end":{"line":36,"column":1}},"line":25},"2":{"name":"(anonymous_2)","decl":{"start":{"line":32,"column":27},"end":{"line":32,"column":28}},"loc":{"start":{"line":32,"column":37},"end":{"line":35,"column":3}},"line":32},"3":{"name":"(anonymous_3)","decl":{"start":{"line":39,"column":28},"end":{"line":39,"column":29}},"loc":{"start":{"line":39,"column":47},"end":{"line":44,"column":1}},"line":39}},"branchMap":{"0":{"loc":{"start":{"line":10,"column":2},"end":{"line":10,"column":51}},"type":"if","locations":[{"start":{"line":10,"column":2},"end":{"line":10,"column":51}},{"start":{},"end":{}}],"line":10},"1":{"loc":{"start":{"line":27,"column":2},"end":{"line":27,"column":51}},"type":"if","locations":[{"start":{"line":27,"column":2},"end":{"line":27,"column":51}},{"start":{},"end":{}}],"line":27},"2":{"loc":{"start":{"line":42,"column":2},"end":{"line":42,"column":61}},"type":"if","locations":[{"start":{"line":42,"column":2},"end":{"line":42,"column":61}},{"start":{},"end":{}}],"line":42}},"s":{"0":0,"1":0,"2":0,"3":0,"4":0,"5":0,"6":0,"7":0,"8":0,"9":0,"10":0,"11":0,"12":0,"13":0,"14":0,"15":0,"16":0,"17":0,"18":0,"19":0,"20":0},"f":{"0":0,"1":0,"2":0,"3":0},"b":{"0":[0,0],"1":[0,0],"2":[0,0]}}
,"/Users/damondixonjr/advanced_ecom_app/adv_ecom_app/src/firebase/productService.js": {"path":"/Users/damondixonjr/advanced_ecom_app/adv_ecom_app/src/firebase/productService.js","statementMap":{"0":{"start":{"line":12,"column":27},"end":{"line":12,"column":53}},"1":{"start":{"line":15,"column":30},"end":{"line":19,"column":1}},"2":{"start":{"line":16,"column":21},"end":{"line":16,"column":54}},"3":{"start":{"line":18,"column":4},"end":{"line":18,"column":69}},"4":{"start":{"line":18,"column":37},"end":{"line":18,"column":66}},"5":{"start":{"line":22,"column":29},"end":{"line":28,"column":1}},"6":{"start":{"line":23,"column":19},"end":{"line":26,"column":6}},"7":{"start":{"line":27,"column":4},"end":{"line":27,"column":45}},"8":{"start":{"line":32,"column":29},"end":{"line":35,"column":1}},"9":{"start":{"line":33,"column":23},"end":{"line":33,"column":53}},"10":{"start":{"line":34,"column":4},"end":{"line":34,"column":45}},"11":{"start":{"line":38,"column":29},"end":{"line":41,"column":1}},"12":{"start":{"line":39,"column":23},"end":{"line":39,"column":53}},"13":{"start":{"line":40,"column":4},"end":{"line":40,"column":32}}},"fnMap":{"0":{"name":"(anonymous_0)","decl":{"start":{"line":15,"column":30},"end":{"line":15,"column":31}},"loc":{"start":{"line":15,"column":42},"end":{"line":19,"column":1}},"line":15},"1":{"name":"(anonymous_1)","decl":{"start":{"line":18,"column":29},"end":{"line":18,"column":30}},"loc":{"start":{"line":18,"column":37},"end":{"line":18,"column":66}},"line":18},"2":{"name":"(anonymous_2)","decl":{"start":{"line":22,"column":29},"end":{"line":22,"column":30}},"loc":{"start":{"line":22,"column":52},"end":{"line":28,"column":1}},"line":22},"3":{"name":"(anonymous_3)","decl":{"start":{"line":32,"column":29},"end":{"line":32,"column":30}},"loc":{"start":{"line":32,"column":63},"end":{"line":35,"column":1}},"line":32},"4":{"name":"(anonymous_4)","decl":{"start":{"line":38,"column":29},"end":{"line":38,"column":30}},"loc":{"start":{"line":38,"column":50},"end":{"line":41,"column":1}},"line":38}},"branchMap":{},"s":{"0":1,"1":1,"2":0,"3":0,"4":0,"5":1,"6":1,"7":0,"8":1,"9":0,"10":0,"11":1,"12":0,"13":0},"f":{"0":0,"1":0,"2":1,"3":0,"4":0},"b":{},"_coverageSchema":"1a1c01bbd47fc00a2c39e90264f33305004495a9","hash":"697ca7e9449aa15c8548e03710ce3ff4746987b6"}
,"/Users/damondixonjr/advanced_ecom_app/adv_ecom_app/src/pages/Home.jsx": {"path":"/Users/damondixonjr/advanced_ecom_app/adv_ecom_app/src/pages/Home.jsx","statementMap":{"0":{"start":{"line":18,"column":22},"end":{"line":30,"column":1}},"1":{"start":{"line":19,"column":24},"end":{"line":19,"column":50}},"2":{"start":{"line":22,"column":4},"end":{"line":26,"column":5}},"3":{"start":{"line":23,"column":8},"end":{"line":23,"column":66}},"4":{"start":{"line":25,"column":8},"end":{"line":25,"column":24}},"5":{"start":{"line":28,"column":21},"end":{"line":28,"column":37}},"6":{"start":{"line":29,"column":4},"end":{"line":29,"column":71}},"7":{"start":{"line":29,"column":39},"end":{"line":29,"column":68}},"8":{"start":{"line":33,"column":24},"end":{"line":44,"column":1}},"9":{"start":{"line":34,"column":24},"end":{"line":34,"column":50}},"10":{"start":{"line":35,"column":21},"end":{"line":35,"column":47}},"11":{"start":{"line":36,"column":26},"end":{"line":36,"column":35}},"12":{"start":{"line":38,"column":4},"end":{"line":41,"column":7}},"13":{"start":{"line":39,"column":21},"end":{"line":39,"column":31}},"14":{"start":{"line":40,"column":8},"end":{"line":40,"column":60}},"15":{"start":{"line":40,"column":27},"end":{"line":40,"column":60}},"16":{"start":{"line":43,"column":4},"end":{"line":43,"column":37}},"17":{"start":{"line":46,"column":13},"end":{"line":136,"column":1}},"18":{"start":{"line":47,"column":21},"end":{"line":47,"column":34}},"19":{"start":{"line":48,"column":52},"end":{"line":48,"column":67}},"20":{"start":{"line":49,"column":21},"end":{"line":49,"column":34}},"21":{"start":{"line":50,"column":48},"end":{"line":50,"column":60}},"22":{"start":{"line":57,"column":8},"end":{"line":60,"column":6}},"23":{"start":{"line":66,"column":8},"end":{"line":69,"column":6}},"24":{"start":{"line":68,"column":23},"end":{"line":68,"column":54}},"25":{"start":{"line":71,"column":28},"end":{"line":82,"column":5}},"26":{"start":{"line":72,"column":8},"end":{"line":75,"column":12}},"27":{"start":{"line":76,"column":8},"end":{"line":76,"column":65}},"28":{"start":{"line":77,"column":8},"end":{"line":80,"column":17}},"29":{"start":{"line":78,"column":12},"end":{"line":78,"column":34}},"30":{"start":{"line":79,"column":12},"end":{"line":79,"column":30}},"31":{"start":{"line":84,"column":4},"end":{"line":84,"column":57}},"32":{"start":{"line":84,"column":19},"end":{"line":84,"column":57}},"33":{"start":{"line":85,"column":4},"end":{"line":85,"column":56}},"34":{"start":{"line":85,"column":15},"end":{"line":85,"column":56}},"35":{"start":{"line":87,"column":4},"end":{"line":135,"column":6}},"36":{"start":{"line":96,"column":41},"end":{"line":96,"column":76}},"37":{"start":{"line":100,"column":28},"end":{"line":102,"column":37}},"38":{"start":{"line":116,"column":24},"end":{"line":130,"column":30}},"39":{"start":{"line":127,"column":51},"end":{"line":127,"column":75}}},"fnMap":{"0":{"name":"(anonymous_0)","decl":{"start":{"line":18,"column":22},"end":{"line":18,"column":23}},"loc":{"start":{"line":18,"column":42},"end":{"line":30,"column":1}},"line":18},"1":{"name":"(anonymous_1)","decl":{"start":{"line":29,"column":29},"end":{"line":29,"column":30}},"loc":{"start":{"line":29,"column":39},"end":{"line":29,"column":68}},"line":29},"2":{"name":"(anonymous_2)","decl":{"start":{"line":33,"column":24},"end":{"line":33,"column":25}},"loc":{"start":{"line":33,"column":36},"end":{"line":44,"column":1}},"line":33},"3":{"name":"(anonymous_3)","decl":{"start":{"line":38,"column":21},"end":{"line":38,"column":22}},"loc":{"start":{"line":38,"column":30},"end":{"line":41,"column":5}},"line":38},"4":{"name":"(anonymous_4)","decl":{"start":{"line":46,"column":13},"end":{"line":46,"column":14}},"loc":{"start":{"line":46,"column":19},"end":{"line":136,"column":1}},"line":46},"5":{"name":"(anonymous_5)","decl":{"start":{"line":68,"column":17},"end":{"line":68,"column":18}},"loc":{"start":{"line":68,"column":23},"end":{"line":68,"column":54}},"line":68},"6":{"name":"(anonymous_6)","decl":{"start":{"line":71,"column":28},"end":{"line":71,"column":29}},"loc":{"start":{"line":71,"column":41},"end":{"line":82,"column":5}},"line":71},"7":{"name":"(anonymous_7)","decl":{"start":{"line":77,"column":19},"end":{"line":77,"column":20}},"loc":{"start":{"line":77,"column":25},"end":{"line":80,"column":9}},"line":77},"8":{"name":"(anonymous_8)","decl":{"start":{"line":96,"column":34},"end":{"line":96,"column":35}},"loc":{"start":{"line":96,"column":41},"end":{"line":96,"column":76}},"line":96},"9":{"name":"(anonymous_9)","decl":{"start":{"line":99,"column":40},"end":{"line":99,"column":41}},"loc":{"start":{"line":100,"column":28},"end":{"line":102,"column":37}},"line":100},"10":{"name":"(anonymous_10)","decl":{"start":{"line":115,"column":34},"end":{"line":115,"column":35}},"loc":{"start":{"line":116,"column":24},"end":{"line":130,"column":30}},"line":116},"11":{"name":"(anonymous_11)","decl":{"start":{"line":127,"column":45},"end":{"line":127,"column":46}},"loc":{"start":{"line":127,"column":51},"end":{"line":127,"column":75}},"line":127}},"branchMap":{"0":{"loc":{"start":{"line":22,"column":4},"end":{"line":26,"column":5}},"type":"if","locations":[{"start":{"line":22,"column":4},"end":{"line":26,"column":5}},{"start":{"line":24,"column":11},"end":{"line":26,"column":5}}],"line":22},"1":{"loc":{"start":{"line":22,"column":8},"end":{"line":22,"column":38}},"type":"binary-expr","locations":[{"start":{"line":22,"column":8},"end":{"line":22,"column":16}},{"start":{"line":22,"column":20},"end":{"line":22,"column":38}}],"line":22},"2":{"loc":{"start":{"line":40,"column":8},"end":{"line":40,"column":60}},"type":"if","locations":[{"start":{"line":40,"column":8},"end":{"line":40,"column":60}},{"start":{},"end":{}}],"line":40},"3":{"loc":{"start":{"line":84,"column":4},"end":{"line":84,"column":57}},"type":"if","locations":[{"start":{"line":84,"column":4},"end":{"line":84,"column":57}},{"start":{},"end":{}}],"line":84},"4":{"loc":{"start":{"line":85,"column":4},"end":{"line":85,"column":56}},"type":"if","locations":[{"start":{"line":85,"column":4},"end":{"line":85,"column":56}},{"start":{},"end":{}}],"line":85},"5":{"loc":{"start":{"line":90,"column":17},"end":{"line":90,"column":66}},"type":"binary-expr","locations":[{"start":{"line":90,"column":17},"end":{"line":90,"column":34}},{"start":{"line":90,"column":38},"end":{"line":90,"column":66}}],"line":90},"6":{"loc":{"start":{"line":91,"column":17},"end":{"line":91,"column":65}},"type":"binary-expr","locations":[{"start":{"line":91,"column":17},"end":{"line":91,"column":30}},{"start":{"line":91,"column":34},"end":{"line":91,"column":65}}],"line":91},"7":{"loc":{"start":{"line":93,"column":17},"end":{"line":105,"column":17}},"type":"binary-expr","locations":[{"start":{"line":93,"column":17},"end":{"line":93,"column":27}},{"start":{"line":94,"column":20},"end":{"line":104,"column":29}}],"line":93},"8":{"loc":{"start":{"line":108,"column":17},"end":{"line":110,"column":17}},"type":"binary-expr","locations":[{"start":{"line":108,"column":17},"end":{"line":108,"column":31}},{"start":{"line":109,"column":20},"end":{"line":109,"column":79}}],"line":108}},"s":{"0":0,"1":0,"2":0,"3":0,"4":0,"5":0,"6":0,"7":0,"8":0,"9":0,"10":0,"11":0,"12":0,"13":0,"14":0,"15":0,"16":0,"17":0,"18":0,"19":0,"20":0,"21":0,"22":0,"23":0,"24":0,"25":0,"26":0,"27":0,"28":0,"29":0,"30":0,"31":0,"32":0,"33":0,"34":0,"35":0,"36":0,"37":0,"38":0,"39":0},"f":{"0":0,"1":0,"2":0,"3":0,"4":0,"5":0,"6":0,"7":0,"8":0,"9":0,"10":0,"11":0},"b":{"0":[0,0],"1":[0,0],"2":[0,0],"3":[0,0],"4":[0,0],"5":[0,0],"6":[0,0],"7":[0,0],"8":[0,0]}}
,"/Users/damondixonjr/advanced_ecom_app/adv_ecom_app/src/pages/ProductDetails.jsx": {"path":"/Users/damondixonjr/advanced_ecom_app/adv_ecom_app/src/pages/ProductDetails.jsx","statementMap":{"0":{"start":{"line":9,"column":25},"end":{"line":17,"column":1}},"1":{"start":{"line":10,"column":17},"end":{"line":10,"column":40}},"2":{"start":{"line":11,"column":18},"end":{"line":11,"column":38}},"3":{"start":{"line":12,"column":2},"end":{"line":16,"column":3}},"4":{"start":{"line":13,"column":4},"end":{"line":13,"column":49}},"5":{"start":{"line":15,"column":4},"end":{"line":15,"column":41}},"6":{"start":{"line":19,"column":23},"end":{"line":40,"column":1}},"7":{"start":{"line":20,"column":24},"end":{"line":20,"column":35}},"8":{"start":{"line":21,"column":19},"end":{"line":21,"column":32}},"9":{"start":{"line":23,"column":46},"end":{"line":26,"column":4}},"10":{"start":{"line":25,"column":19},"end":{"line":25,"column":46}},"11":{"start":{"line":28,"column":2},"end":{"line":28,"column":50}},"12":{"start":{"line":28,"column":17},"end":{"line":28,"column":50}},"13":{"start":{"line":29,"column":2},"end":{"line":29,"column":50}},"14":{"start":{"line":29,"column":13},"end":{"line":29,"column":50}},"15":{"start":{"line":31,"column":2},"end":{"line":39,"column":4}},"16":{"start":{"line":37,"column":29},"end":{"line":37,"column":57}}},"fnMap":{"0":{"name":"(anonymous_0)","decl":{"start":{"line":9,"column":25},"end":{"line":9,"column":26}},"loc":{"start":{"line":9,"column":39},"end":{"line":17,"column":1}},"line":9},"1":{"name":"(anonymous_1)","decl":{"start":{"line":19,"column":23},"end":{"line":19,"column":24}},"loc":{"start":{"line":19,"column":29},"end":{"line":40,"column":1}},"line":19},"2":{"name":"(anonymous_2)","decl":{"start":{"line":25,"column":13},"end":{"line":25,"column":14}},"loc":{"start":{"line":25,"column":19},"end":{"line":25,"column":46}},"line":25},"3":{"name":"(anonymous_3)","decl":{"start":{"line":37,"column":23},"end":{"line":37,"column":24}},"loc":{"start":{"line":37,"column":29},"end":{"line":37,"column":57}},"line":37}},"branchMap":{"0":{"loc":{"start":{"line":12,"column":2},"end":{"line":16,"column":3}},"type":"if","locations":[{"start":{"line":12,"column":2},"end":{"line":16,"column":3}},{"start":{"line":14,"column":9},"end":{"line":16,"column":3}}],"line":12},"1":{"loc":{"start":{"line":28,"column":2},"end":{"line":28,"column":50}},"type":"if","locations":[{"start":{"line":28,"column":2},"end":{"line":28,"column":50}},{"start":{},"end":{}}],"line":28},"2":{"loc":{"start":{"line":29,"column":2},"end":{"line":29,"column":50}},"type":"if","locations":[{"start":{"line":29,"column":2},"end":{"line":29,"column":50}},{"start":{},"end":{}}],"line":29}},"s":{"0":0,"1":0,"2":0,"3":0,"4":0,"5":0,"6":0,"7":0,"8":0,"9":0,"10":0,"11":0,"12":0,"13":0,"14":0,"15":0,"16":0},"f":{"0":0,"1":0,"2":0,"3":0},"b":{"0":[0,0],"1":[0,0],"2":[0,0]}}
}
